<?xml version="1.0" encoding="UTF-8"?>
<!-- Generated by org.testng.reporters.JUnitXMLReporter -->
<testsuite ignored="2" hostname="BiLap103-PC" failures="0" tests="1" name="Default test" time="117.686" errors="0" timestamp="2021-06-20T16:07:39 EET">
  <testcase classname="TestCases.CheckPaymentTypes" name="checkBankTransferPayment" time="105.258"/>
  <testcase classname="TestCases.CheckPaymentTypes" name="checkCreditCardPayment" time="0.0">
    <ignored/>
  </testcase> <!-- checkCreditCardPayment -->
  <testcase classname="TestCases.CheckPaymentTypes" name="checkCashPayment" time="0.0">
    <ignored/>
  </testcase> <!-- checkCashPayment -->
</testsuite> <!-- Default test -->
