<?xml version="1.0" encoding="UTF-8"?>
<!-- Generated by org.testng.reporters.JUnitXMLReporter -->
<testsuite ignored="3" hostname="BiLap103-PC" failures="0" tests="1" name="Default test" time="25.241" errors="0" timestamp="2021-08-29T03:48:46 EET">
  <testcase classname="TestCases.CheckInventory" name="checkArrowForItemDetails" time="14.235"/>
  <testcase classname="TestCases.CheckInventory" name="checkThereIsConversionButton" time="0.0">
    <ignored/>
  </testcase> <!-- checkThereIsConversionButton -->
  <testcase classname="TestCases.CheckInventory" name="checkProductsBiggerThanZero" time="0.0">
    <ignored/>
  </testcase> <!-- checkProductsBiggerThanZero -->
  <testcase classname="TestCases.CheckInventory" name="checkCarStoreScreenDisplayInfo" time="0.0">
    <ignored/>
  </testcase> <!-- checkCarStoreScreenDisplayInfo -->
</testsuite> <!-- Default test -->
