<?xml version="1.0" encoding="UTF-8"?>
<testng-results ignored="10" total="11" passed="1" failed="0" skipped="0">
  <reporter-output>
  </reporter-output>
  <suite started-at="2021-07-25T19:48:45 EET" name="Default suite" finished-at="2021-07-25T19:50:01 EET" duration-ms="76022">
    <groups>
      <group name="regression">
        <method signature="CheckSalesOrders.checkUnitMeasureScreenAndUpdate(java.lang.String, java.lang.String)[pri:0, instance:TestCases.CheckSalesOrders@3d6f0054]" name="checkUnitMeasureScreenAndUpdate" class="TestCases.CheckSalesOrders"/>
      </group> <!-- regression -->
      <group name="SalesOrderRegression">
        <method signature="CheckSalesOrders.checkUnitMeasureScreenAndUpdate(java.lang.String, java.lang.String)[pri:0, instance:TestCases.CheckSalesOrders@3d6f0054]" name="checkUnitMeasureScreenAndUpdate" class="TestCases.CheckSalesOrders"/>
      </group> <!-- SalesOrderRegression -->
    </groups>
    <test started-at="2021-07-25T19:48:45 EET" name="Default test" finished-at="2021-07-25T19:50:01 EET" duration-ms="76022">
      <class name="TestCases.CheckSalesOrders">
        <test-method is-config="true" signature="setup()[pri:0, instance:TestCases.CheckSalesOrders@3d6f0054]" started-at="2021-07-25T19:48:45 EET" name="setup" finished-at="2021-07-25T19:48:53 EET" duration-ms="8722" status="PASS">
          <reporter-output>
          </reporter-output>
        </test-method> <!-- setup -->
        <test-method signature="checkUnitMeasureScreenAndUpdate(java.lang.String, java.lang.String)[pri:0, instance:TestCases.CheckSalesOrders@3d6f0054]" started-at="2021-07-25T19:48:53 EET" name="checkUnitMeasureScreenAndUpdate" data-provider="checkUnitMeasureScreenAndUpdate" finished-at="2021-07-25T19:49:59 EET" duration-ms="65929" status="PASS">
          <params>
            <param index="0">
              <value>
                <![CDATA[carrefour]]>
              </value>
            </param>
            <param index="1">
              <value>
                <![CDATA[golden]]>
              </value>
            </param>
          </params>
          <reporter-output>
          </reporter-output>
        </test-method> <!-- checkUnitMeasureScreenAndUpdate -->
        <test-method is-config="true" signature="close()[pri:0, instance:TestCases.CheckSalesOrders@3d6f0054]" started-at="2021-07-25T19:49:59 EET" name="close" finished-at="2021-07-25T19:50:01 EET" duration-ms="1304" status="PASS">
          <reporter-output>
          </reporter-output>
        </test-method> <!-- close -->
        <test-method is-config="true" signature="teardown()[pri:0, instance:TestCases.CheckSalesOrders@3d6f0054]" started-at="2021-07-25T19:50:01 EET" name="teardown" finished-at="2021-07-25T19:50:01 EET" duration-ms="487" status="PASS">
          <reporter-output>
          </reporter-output>
        </test-method> <!-- teardown -->
      </class> <!-- TestCases.CheckSalesOrders -->
    </test> <!-- Default test -->
  </suite> <!-- Default suite -->
</testng-results>
