<?xml version="1.0" encoding="UTF-8"?>
<testng-results ignored="2" total="3" passed="1" failed="0" skipped="0">
  <reporter-output>
  </reporter-output>
  <suite started-at="2021-06-20T16:05:41 EET" name="Default suite" finished-at="2021-06-20T16:07:38 EET" duration-ms="117686">
    <groups>
    </groups>
    <test started-at="2021-06-20T16:05:41 EET" name="Default test" finished-at="2021-06-20T16:07:38 EET" duration-ms="117686">
      <class name="TestCases.CheckPaymentTypes">
        <test-method is-config="true" signature="setup()[pri:0, instance:TestCases.CheckPaymentTypes@581ac8a8]" started-at="2021-06-20T16:05:41 EET" name="setup" finished-at="2021-06-20T16:05:52 EET" duration-ms="11042" status="PASS">
          <reporter-output>
          </reporter-output>
        </test-method> <!-- setup -->
        <test-method signature="checkBankTransferPayment(java.lang.String, java.lang.String, java.lang.String, java.lang.String)[pri:0, instance:TestCases.CheckPaymentTypes@581ac8a8]" started-at="2021-06-20T16:05:52 EET" name="checkBankTransferPayment" data-provider="banktranssferpayment" finished-at="2021-06-20T16:07:37 EET" duration-ms="105258" status="PASS">
          <params>
            <param index="0">
              <value>
                <![CDATA[carrefour market]]>
              </value>
            </param>
            <param index="1">
              <value>
                <![CDATA[6]]>
              </value>
            </param>
            <param index="2">
              <value>
                <![CDATA[1]]>
              </value>
            </param>
            <param index="3">
              <value>
                <![CDATA[piece]]>
              </value>
            </param>
          </params>
          <reporter-output>
          </reporter-output>
        </test-method> <!-- checkBankTransferPayment -->
        <test-method is-config="true" signature="close()[pri:0, instance:TestCases.CheckPaymentTypes@581ac8a8]" started-at="2021-06-20T16:07:37 EET" name="close" finished-at="2021-06-20T16:07:38 EET" duration-ms="1284" status="PASS">
          <reporter-output>
          </reporter-output>
        </test-method> <!-- close -->
        <test-method is-config="true" signature="teardown()[pri:0, instance:TestCases.CheckPaymentTypes@581ac8a8]" started-at="2021-06-20T16:07:39 EET" name="teardown" finished-at="2021-06-20T16:07:39 EET" duration-ms="671" status="PASS">
          <reporter-output>
          </reporter-output>
        </test-method> <!-- teardown -->
      </class> <!-- TestCases.CheckPaymentTypes -->
    </test> <!-- Default test -->
  </suite> <!-- Default suite -->
</testng-results>
