<?xml version="1.0" encoding="UTF-8"?>
<testng-results ignored="3" total="4" passed="1" failed="0" skipped="0">
  <reporter-output>
  </reporter-output>
  <suite started-at="2021-08-29T03:48:21 EET" name="Default suite" finished-at="2021-08-29T03:48:46 EET" duration-ms="25241">
    <groups>
    </groups>
    <test started-at="2021-08-29T03:48:21 EET" name="Default test" finished-at="2021-08-29T03:48:46 EET" duration-ms="25241">
      <class name="TestCases.CheckInventory">
        <test-method is-config="true" signature="setup()[pri:0, instance:TestCases.CheckInventory@581ac8a8]" started-at="2021-08-29T03:48:21 EET" name="setup" finished-at="2021-08-29T03:48:31 EET" duration-ms="9750" status="PASS">
          <reporter-output>
          </reporter-output>
        </test-method> <!-- setup -->
        <test-method signature="checkArrowForItemDetails()[pri:0, instance:TestCases.CheckInventory@581ac8a8]" started-at="2021-08-29T03:48:31 EET" name="checkArrowForItemDetails" finished-at="2021-08-29T03:48:45 EET" duration-ms="14235" status="PASS">
          <reporter-output>
          </reporter-output>
        </test-method> <!-- checkArrowForItemDetails -->
        <test-method is-config="true" signature="close()[pri:0, instance:TestCases.CheckInventory@581ac8a8]" started-at="2021-08-29T03:48:45 EET" name="close" finished-at="2021-08-29T03:48:46 EET" duration-ms="1185" status="PASS">
          <reporter-output>
          </reporter-output>
        </test-method> <!-- close -->
        <test-method is-config="true" signature="teardown()[pri:0, instance:TestCases.CheckInventory@581ac8a8]" started-at="2021-08-29T03:48:47 EET" name="teardown" finished-at="2021-08-29T03:48:47 EET" duration-ms="622" status="PASS">
          <reporter-output>
          </reporter-output>
        </test-method> <!-- teardown -->
      </class> <!-- TestCases.CheckInventory -->
    </test> <!-- Default test -->
  </suite> <!-- Default suite -->
</testng-results>
