<?xml version="1.0" encoding="UTF-8"?>
<testng-results ignored="0" total="1" passed="1" failed="0" skipped="0">
  <reporter-output>
  </reporter-output>
  <suite started-at="2021-05-10T02:58:31 EET" name="Default suite" finished-at="2021-05-10T02:59:42 EET" duration-ms="70650">
    <groups>
    </groups>
    <test started-at="2021-05-10T02:58:31 EET" name="Default test" finished-at="2021-05-10T02:59:42 EET" duration-ms="70650">
      <class name="TestCases.CheckPromotion">
        <test-method is-config="true" signature="setup()[pri:0, instance:TestCases.CheckPromotion@32b260fa]" started-at="2021-05-10T02:58:31 EET" name="setup" finished-at="2021-05-10T02:58:40 EET" duration-ms="8616" status="PASS">
          <reporter-output>
          </reporter-output>
        </test-method> <!-- setup -->
        <test-method signature="checkpromotion()[pri:0, instance:TestCases.CheckPromotion@32b260fa]" started-at="2021-05-10T02:58:40 EET" name="checkpromotion" finished-at="2021-05-10T02:59:41 EET" duration-ms="60669" status="PASS">
          <reporter-output>
          </reporter-output>
        </test-method> <!-- checkpromotion -->
        <test-method is-config="true" signature="close()[pri:0, instance:TestCases.CheckPromotion@32b260fa]" started-at="2021-05-10T02:59:41 EET" name="close" finished-at="2021-05-10T02:59:42 EET" duration-ms="1312" status="PASS">
          <reporter-output>
          </reporter-output>
        </test-method> <!-- close -->
        <test-method is-config="true" signature="teardown()[pri:0, instance:TestCases.CheckPromotion@32b260fa]" started-at="2021-05-10T02:59:42 EET" name="teardown" finished-at="2021-05-10T02:59:42 EET" duration-ms="507" status="PASS">
          <reporter-output>
          </reporter-output>
        </test-method> <!-- teardown -->
      </class> <!-- TestCases.CheckPromotion -->
    </test> <!-- Default test -->
  </suite> <!-- Default suite -->
</testng-results>
